<?xml version="1.0" encoding="UTF-8"?>
<!-- Generated by org.testng.reporters.JUnitXMLReporter -->
<testsuite hostname="Venkatas-MacBook-Pro.local" ignored="0" name="Safari" tests="2" failures="0" timestamp="2021-12-20T10:23:38 IST" time="0.04" errors="0">
  <testcase name="@BeforeMethod startDriver" time="0.006" classname="org.selenium.pom.base.BaseTest">
    <failure type="java.lang.IllegalArgumentException" message="No enum constant org.selenium.pom.constants.DriverType.SAFAR">
      <![CDATA[java.lang.IllegalArgumentException: No enum constant org.selenium.pom.constants.DriverType.SAFAR
at java.lang.Enum.valueOf(Enum.java:238)
at org.selenium.pom.constants.DriverType.valueOf(DriverType.java:3)
at org.selenium.pom.factory.DriverManager.initializeDriver(DriverManager.java:18)
at org.selenium.pom.base.BaseTest.startDriver(BaseTest.java:24)
at java.util.concurrent.ThreadPoolExecutor.runWorker(ThreadPoolExecutor.java:1149)
at java.util.concurrent.ThreadPoolExecutor$Worker.run(ThreadPoolExecutor.java:624)
at java.lang.Thread.run(Thread.java:748)
... Removed 16 stack frames]]>
    </failure>
  </testcase> <!-- @BeforeMethod startDriver -->
  <testcase name="@BeforeMethod startDriver" time="0.006" classname="org.selenium.pom.base.BaseTest">
    <failure type="java.lang.IllegalArgumentException" message="No enum constant org.selenium.pom.constants.DriverType.SAFAR">
      <![CDATA[java.lang.IllegalArgumentException: No enum constant org.selenium.pom.constants.DriverType.SAFAR
at java.lang.Enum.valueOf(Enum.java:238)
at org.selenium.pom.constants.DriverType.valueOf(DriverType.java:3)
at org.selenium.pom.factory.DriverManager.initializeDriver(DriverManager.java:18)
at org.selenium.pom.base.BaseTest.startDriver(BaseTest.java:24)
at java.util.concurrent.ThreadPoolExecutor.runWorker(ThreadPoolExecutor.java:1149)
at java.util.concurrent.ThreadPoolExecutor$Worker.run(ThreadPoolExecutor.java:624)
at java.lang.Thread.run(Thread.java:748)
... Removed 16 stack frames]]>
    </failure>
  </testcase> <!-- @BeforeMethod startDriver -->
  <testcase name="@AfterMethod quitDriver" time="-1.639976013366E9" classname="org.selenium.pom.base.BaseTest">
    <skipped/>
  </testcase> <!-- @AfterMethod quitDriver -->
  <testcase name="@AfterMethod quitDriver" time="-1.639976013366E9" classname="org.selenium.pom.base.BaseTest">
    <skipped/>
  </testcase> <!-- @AfterMethod quitDriver -->
  <testcase name="guestCheckoutUsingDirectBankTransfer" time="0.0" classname="org.selenium.pom.tests.MyFirstTestCase">
    <skipped/>
  </testcase> <!-- guestCheckoutUsingDirectBankTransfer -->
  <testcase name="loginAndCheckoutUsingDirectBankTransfer" time="0.0" classname="org.selenium.pom.tests.MyFirstTestCase">
    <skipped/>
  </testcase> <!-- loginAndCheckoutUsingDirectBankTransfer -->
</testsuite> <!-- Safari -->
