<!DOCTYPE html PUBLIC "-//W3C//DTD XHTML 1.1//EN" "https://www.w3.org/TR/xhtml11/DTD/xhtml11.dtd">
<html xmlns="https://www.w3.org/1999/xhtml">
<head>
<meta http-equiv="content-type" content="text/html; charset=UTF-8"/>
<title>TestNG Report</title>
<style type="text/css">table {margin-bottom:10px;border-collapse:collapse;empty-cells:show}th,td {border:1px solid #009;padding:.25em .5em}th {vertical-align:bottom}td {vertical-align:top}table a {font-weight:bold}.stripe td {background-color: #E6EBF9}.num {text-align:right}.passedodd td {background-color: #3F3}.passedeven td {background-color: #0A0}.skippedodd td {background-color: #DDD}.skippedeven td {background-color: #CCC}.failedodd td,.attn {background-color: #F33}.failedeven td,.stripe .attn {background-color: #D00}.stacktrace {white-space:pre;font-family:monospace}.totop {font-size:85%;text-align:center;border-bottom:2px solid #000}.invisible {display:none}</style>
</head>
<body>
<table>
<tr><th>Test</th><th># Passed</th><th># Skipped</th><th># Retried</th><th># Failed</th><th>Time (ms)</th><th>Included Groups</th><th>Excluded Groups</th></tr>
<tr><th colspan="8">ProductOrderValidation</th></tr>
<tr><td><a href="#t0">Safari</a></td><td class="num">0</td><td class="num attn">2</td><td class="num">0</td><td class="num">0</td><td class="num">40</td><td></td><td></td></tr>
<tr class="stripe"><td><a href="#t1">Chrome</a></td><td class="num">2</td><td class="num">0</td><td class="num">0</td><td class="num">0</td><td class="num">42,562</td><td></td><td></td></tr>
<tr><th>Total</th><th class="num">2</th><th class="num attn">2</th><th class="num">0</th><th class="num">0</th><th class="num">42,602</th><th colspan="2"></th></tr>
</table>
<table id='summary'><thead><tr><th>Class</th><th>Method</th><th>Start</th><th>Time (ms)</th></tr></thead><tbody><tr><th colspan="4">ProductOrderValidation</th></tr></tbody><tbody id="t0"><tr><th colspan="4">Safari &#8212; failed (configuration methods)</th></tr><tr class="failedeven"><td rowspan="2">org.selenium.pom.tests.MyFirstTestCase</td><td><a href="#m0">startDriver</a></td><td rowspan="2">1639976013354</td><td rowspan="2">6</td></tr><tr class="failedeven"><td><a href="#m1">startDriver</a></td></tr><tr><th colspan="4">Safari &#8212; skipped (configuration methods)</th></tr><tr class="skippedeven"><td rowspan="2">org.selenium.pom.tests.MyFirstTestCase</td><td><a href="#m2">quitDriver</a></td><td rowspan="2">1639976013366</td><td rowspan="2">-1639976013366</td></tr><tr class="skippedeven"><td><a href="#m3">quitDriver</a></td></tr><tr><th colspan="4">Safari &#8212; skipped</th></tr><tr class="skippedeven"><td rowspan="2">org.selenium.pom.tests.MyFirstTestCase</td><td><a href="#m4">guestCheckoutUsingDirectBankTransfer</a></td><td rowspan="1">1639976013365</td><td rowspan="1">0</td></tr><tr class="skippedeven"><td><a href="#m5">loginAndCheckoutUsingDirectBankTransfer</a></td><td rowspan="1">1639976013365</td><td rowspan="1">0</td></tr></tbody>
<tbody id="t1"><tr><th colspan="4">Chrome &#8212; passed</th></tr><tr class="passedeven"><td rowspan="2">org.selenium.pom.tests.MyFirstTestCase</td><td><a href="#m6">guestCheckoutUsingDirectBankTransfer</a></td><td rowspan="1">1639976025483</td><td rowspan="1">21407</td></tr><tr class="passedeven"><td><a href="#m7">loginAndCheckoutUsingDirectBankTransfer</a></td><td rowspan="1">1639976025644</td><td rowspan="1">28134</td></tr></tbody>
</table>
<h2>Safari</h2><h3 id="m0">org.selenium.pom.tests.MyFirstTestCase#startDriver</h3><table class="result"><tr class="param"><th>Parameter #1</th></tr><tr class="param stripe"><td>SAFAR</td></tr><tr><th>Exception</th></tr><tr><td><div class="stacktrace">java.lang.IllegalArgumentException: No enum constant org.selenium.pom.constants.DriverType.SAFAR
	at java.lang.Enum.valueOf(Enum.java:238)
	at org.selenium.pom.constants.DriverType.valueOf(DriverType.java:3)
	at org.selenium.pom.factory.DriverManager.initializeDriver(DriverManager.java:18)
	at org.selenium.pom.base.BaseTest.startDriver(BaseTest.java:24)
	at java.util.concurrent.ThreadPoolExecutor.runWorker(ThreadPoolExecutor.java:1149)
	at java.util.concurrent.ThreadPoolExecutor$Worker.run(ThreadPoolExecutor.java:624)
	at java.lang.Thread.run(Thread.java:748)
... Removed 16 stack frames</div></td></tr></table><p class="totop"><a href="#summary">back to summary</a></p>
<h3 id="m1">org.selenium.pom.tests.MyFirstTestCase#startDriver</h3><table class="result"><tr class="param"><th>Parameter #1</th></tr><tr class="param stripe"><td>SAFAR</td></tr><tr><th>Exception</th></tr><tr><td><div class="stacktrace">java.lang.IllegalArgumentException: No enum constant org.selenium.pom.constants.DriverType.SAFAR
	at java.lang.Enum.valueOf(Enum.java:238)
	at org.selenium.pom.constants.DriverType.valueOf(DriverType.java:3)
	at org.selenium.pom.factory.DriverManager.initializeDriver(DriverManager.java:18)
	at org.selenium.pom.base.BaseTest.startDriver(BaseTest.java:24)
	at java.util.concurrent.ThreadPoolExecutor.runWorker(ThreadPoolExecutor.java:1149)
	at java.util.concurrent.ThreadPoolExecutor$Worker.run(ThreadPoolExecutor.java:624)
	at java.lang.Thread.run(Thread.java:748)
... Removed 16 stack frames</div></td></tr></table><p class="totop"><a href="#summary">back to summary</a></p>
<h3 id="m2">org.selenium.pom.tests.MyFirstTestCase#quitDriver</h3><table class="result"><tr><th class="invisible"/></tr></table><p class="totop"><a href="#summary">back to summary</a></p>
<h3 id="m3">org.selenium.pom.tests.MyFirstTestCase#quitDriver</h3><table class="result"><tr><th class="invisible"/></tr></table><p class="totop"><a href="#summary">back to summary</a></p>
<h3 id="m4">org.selenium.pom.tests.MyFirstTestCase#guestCheckoutUsingDirectBankTransfer</h3><table class="result"><tr><th>Exception</th></tr><tr><td><div class="stacktrace">java.lang.IllegalArgumentException: No enum constant org.selenium.pom.constants.DriverType.SAFAR
	at java.lang.Enum.valueOf(Enum.java:238)
	at org.selenium.pom.constants.DriverType.valueOf(DriverType.java:3)
	at org.selenium.pom.factory.DriverManager.initializeDriver(DriverManager.java:18)
	at org.selenium.pom.base.BaseTest.startDriver(BaseTest.java:24)
	at java.util.concurrent.ThreadPoolExecutor.runWorker(ThreadPoolExecutor.java:1149)
	at java.util.concurrent.ThreadPoolExecutor$Worker.run(ThreadPoolExecutor.java:624)
	at java.lang.Thread.run(Thread.java:748)
... Removed 16 stack frames</div></td></tr></table><p class="totop"><a href="#summary">back to summary</a></p>
<h3 id="m5">org.selenium.pom.tests.MyFirstTestCase#loginAndCheckoutUsingDirectBankTransfer</h3><table class="result"><tr><th>Exception</th></tr><tr><td><div class="stacktrace">java.lang.IllegalArgumentException: No enum constant org.selenium.pom.constants.DriverType.SAFAR
	at java.lang.Enum.valueOf(Enum.java:238)
	at org.selenium.pom.constants.DriverType.valueOf(DriverType.java:3)
	at org.selenium.pom.factory.DriverManager.initializeDriver(DriverManager.java:18)
	at org.selenium.pom.base.BaseTest.startDriver(BaseTest.java:24)
	at java.util.concurrent.ThreadPoolExecutor.runWorker(ThreadPoolExecutor.java:1149)
	at java.util.concurrent.ThreadPoolExecutor$Worker.run(ThreadPoolExecutor.java:624)
	at java.lang.Thread.run(Thread.java:748)
... Removed 16 stack frames</div></td></tr></table><p class="totop"><a href="#summary">back to summary</a></p>
<h2>Chrome</h2><h3 id="m6">org.selenium.pom.tests.MyFirstTestCase#guestCheckoutUsingDirectBankTransfer</h3><table class="result"><tr><th class="invisible"/></tr></table><p class="totop"><a href="#summary">back to summary</a></p>
<h3 id="m7">org.selenium.pom.tests.MyFirstTestCase#loginAndCheckoutUsingDirectBankTransfer</h3><table class="result"><tr><th class="invisible"/></tr></table><p class="totop"><a href="#summary">back to summary</a></p>
</body>
</html>
