<?xml version="1.0" encoding="UTF-8"?>
<!-- Generated by org.testng.reporters.JUnitReportReporter -->
<testsuite skipped="2" hostname="Venkatas-MacBook-Pro.local" name="org.selenium.pom.tests.MyFirstTestCase" tests="6" failures="0" timestamp="2021-12-20T10:24:20 IST" time="78.193" errors="2">
  <testcase name="startDriver" time="0.006" classname="org.selenium.pom.tests.MyFirstTestCase">
    <error type="java.lang.IllegalArgumentException" message="No enum constant org.selenium.pom.constants.DriverType.SAFAR">
      <![CDATA[java.lang.IllegalArgumentException: No enum constant org.selenium.pom.constants.DriverType.SAFAR
at java.lang.Enum.valueOf(Enum.java:238)
at org.selenium.pom.constants.DriverType.valueOf(DriverType.java:3)
at org.selenium.pom.factory.DriverManager.initializeDriver(DriverManager.java:18)
at org.selenium.pom.base.BaseTest.startDriver(BaseTest.java:24)
at sun.reflect.NativeMethodAccessorImpl.invoke0(Native Method)
at sun.reflect.NativeMethodAccessorImpl.invoke(NativeMethodAccessorImpl.java:62)
at sun.reflect.DelegatingMethodAccessorImpl.invoke(DelegatingMethodAccessorImpl.java:43)
at java.lang.reflect.Method.invoke(Method.java:498)
at org.testng.internal.MethodInvocationHelper.invokeMethod(MethodInvocationHelper.java:132)
at org.testng.internal.MethodInvocationHelper.invokeMethodConsideringTimeout(MethodInvocationHelper.java:61)
at org.testng.internal.ConfigInvoker.invokeConfigurationMethod(ConfigInvoker.java:366)
at org.testng.internal.ConfigInvoker.invokeConfigurations(ConfigInvoker.java:320)
at org.testng.internal.TestInvoker.runConfigMethods(TestInvoker.java:701)
at org.testng.internal.TestInvoker.invokeMethod(TestInvoker.java:527)
at org.testng.internal.TestInvoker.invokeTestMethod(TestInvoker.java:174)
at org.testng.internal.MethodRunner.runInSequence(MethodRunner.java:46)
at org.testng.internal.TestInvoker$MethodInvocationAgent.invoke(TestInvoker.java:822)
at org.testng.internal.TestInvoker.invokeTestMethods(TestInvoker.java:147)
at org.testng.internal.TestMethodWorker.invokeTestMethods(TestMethodWorker.java:146)
at org.testng.internal.TestMethodWorker.run(TestMethodWorker.java:128)
at java.util.concurrent.ThreadPoolExecutor.runWorker(ThreadPoolExecutor.java:1149)
at java.util.concurrent.ThreadPoolExecutor$Worker.run(ThreadPoolExecutor.java:624)
at java.lang.Thread.run(Thread.java:748)
]]>
    </error>
  </testcase> <!-- startDriver -->
  <system-out/>
  <testcase name="guestCheckoutUsingDirectBankTransfer" time="0.000" classname="org.selenium.pom.tests.MyFirstTestCase">
    <skipped/>
  </testcase> <!-- guestCheckoutUsingDirectBankTransfer -->
  <system-out/>
  <testcase name="loginAndCheckoutUsingDirectBankTransfer" time="42.534" classname="org.selenium.pom.tests.MyFirstTestCase"/>
  <system-out/>
  <testcase name="loginAndCheckoutUsingDirectBankTransfer" time="0.000" classname="org.selenium.pom.tests.MyFirstTestCase">
    <skipped/>
  </testcase> <!-- loginAndCheckoutUsingDirectBankTransfer -->
  <system-out/>
  <testcase name="startDriver" time="0.006" classname="org.selenium.pom.tests.MyFirstTestCase">
    <error type="java.lang.IllegalArgumentException" message="No enum constant org.selenium.pom.constants.DriverType.SAFAR">
      <![CDATA[java.lang.IllegalArgumentException: No enum constant org.selenium.pom.constants.DriverType.SAFAR
at java.lang.Enum.valueOf(Enum.java:238)
at org.selenium.pom.constants.DriverType.valueOf(DriverType.java:3)
at org.selenium.pom.factory.DriverManager.initializeDriver(DriverManager.java:18)
at org.selenium.pom.base.BaseTest.startDriver(BaseTest.java:24)
at sun.reflect.NativeMethodAccessorImpl.invoke0(Native Method)
at sun.reflect.NativeMethodAccessorImpl.invoke(NativeMethodAccessorImpl.java:62)
at sun.reflect.DelegatingMethodAccessorImpl.invoke(DelegatingMethodAccessorImpl.java:43)
at java.lang.reflect.Method.invoke(Method.java:498)
at org.testng.internal.MethodInvocationHelper.invokeMethod(MethodInvocationHelper.java:132)
at org.testng.internal.MethodInvocationHelper.invokeMethodConsideringTimeout(MethodInvocationHelper.java:61)
at org.testng.internal.ConfigInvoker.invokeConfigurationMethod(ConfigInvoker.java:366)
at org.testng.internal.ConfigInvoker.invokeConfigurations(ConfigInvoker.java:320)
at org.testng.internal.TestInvoker.runConfigMethods(TestInvoker.java:701)
at org.testng.internal.TestInvoker.invokeMethod(TestInvoker.java:527)
at org.testng.internal.TestInvoker.invokeTestMethod(TestInvoker.java:174)
at org.testng.internal.MethodRunner.runInSequence(MethodRunner.java:46)
at org.testng.internal.TestInvoker$MethodInvocationAgent.invoke(TestInvoker.java:822)
at org.testng.internal.TestInvoker.invokeTestMethods(TestInvoker.java:147)
at org.testng.internal.TestMethodWorker.invokeTestMethods(TestMethodWorker.java:146)
at org.testng.internal.TestMethodWorker.run(TestMethodWorker.java:128)
at java.util.concurrent.ThreadPoolExecutor.runWorker(ThreadPoolExecutor.java:1149)
at java.util.concurrent.ThreadPoolExecutor$Worker.run(ThreadPoolExecutor.java:624)
at java.lang.Thread.run(Thread.java:748)
]]>
    </error>
  </testcase> <!-- startDriver -->
  <system-out/>
  <testcase name="guestCheckoutUsingDirectBankTransfer" time="35.647" classname="org.selenium.pom.tests.MyFirstTestCase"/>
  <system-out/>
</testsuite> <!-- org.selenium.pom.tests.MyFirstTestCase -->
